[2015.09.13-01.47.22:591][  0]Log file open, 09/12/15 21:17:22
[2015.09.13-01.47.22:591][  0]LogInit:Display: Running engine for game: GameJamGame
[2015.09.13-01.47.22:591][  0]LogInit:Display: RandInit(-1841537394) SRandInit(-1841537393).
[2015.09.13-01.47.22:591][  0]LogTaskGraph: Started task graph with 4 named threads and 7 total threads.
[2015.09.13-01.47.22:591][  0]LogStats: Stats thread started
[2015.09.13-01.47.22:591][  0]LogInit: Version: 4.8.3-2634408+++depot+UE4-Releases+4.8
[2015.09.13-01.47.22:591][  0]LogInit: API Version: 2579680
[2015.09.13-01.47.22:591][  0]LogInit: Compiled (64-bit): Jul 27 2015 16:24:33
[2015.09.13-01.47.22:591][  0]LogInit: Compiled with Visual C++: 18.00.21005.01
[2015.09.13-01.47.22:591][  0]LogInit: Build Configuration: Development
[2015.09.13-01.47.22:591][  0]LogInit: Branch Name: ++depot+UE4-Releases+4.8
[2015.09.13-01.47.22:591][  0]LogInit: Command line:  
[2015.09.13-01.47.22:591][  0]LogInit: Base directory: C:/Program Files/Epic Games/4.8/Engine/Binaries/Win64/
[2015.09.13-01.47.22:591][  0]LogInit: Rocket: 1
[2015.09.13-01.47.22:603][  0]LogInit: Using libcurl 7.41.0
[2015.09.13-01.47.22:603][  0]LogInit:  - built for x86_64-pc-win32
[2015.09.13-01.47.22:603][  0]LogInit:  - supports SSL with WinSSL
[2015.09.13-01.47.22:603][  0]LogInit:  - other features:
[2015.09.13-01.47.22:603][  0]LogInit:      CURL_VERSION_SSL
[2015.09.13-01.47.22:603][  0]LogInit:      CURL_VERSION_IPV6
[2015.09.13-01.47.22:603][  0]LogInit:      CURL_VERSION_ASYNCHDNS
[2015.09.13-01.47.22:603][  0]LogInit:      CURL_VERSION_LARGEFILE
[2015.09.13-01.47.22:603][  0]LogInit:      CURL_VERSION_IDN
[2015.09.13-01.47.22:603][  0]LogInit:  CurlRequestOptions (configurable via config and command line):
[2015.09.13-01.47.22:603][  0]LogInit:  - bVerifyPeer = true  - Libcurl will verify peer certificate
[2015.09.13-01.47.22:603][  0]LogInit:  - bUseHttpProxy = false  - Libcurl will NOT use HTTP proxy
[2015.09.13-01.47.22:603][  0]LogInit:  - bDontReuseConnections = false  - Libcurl will reuse connections
[2015.09.13-01.47.22:603][  0]LogInit:  - CertBundlePath = nullptr  - Libcurl will use whatever was configured at build time.
[2015.09.13-01.47.22:614][  0]LogOnline:Warning: No default platform service specified for OnlineSubsystem
[2015.09.13-01.47.22:628][  0]LogInit: Presizing for 0 objects not considered by GC, pre-allocating 0 bytes.
[2015.09.13-01.47.22:635][  0]LogInit: Object subsystem initialized
[2015.09.13-01.47.22:639][  0]LogInit: Selected Device Profile: [Windows]
[2015.09.13-01.47.22:639][  0]LogInit: Applying CVar settings loaded from the selected device profile: [Windows]
[2015.09.13-01.47.22:647][  0]LogInit: Computer: DESKTOP-RRJ06JA
[2015.09.13-01.47.22:647][  0]LogInit: User: alvar
[2015.09.13-01.47.22:647][  0]LogInit: CPU Page size=4096, Cores=4
[2015.09.13-01.47.22:647][  0]LogInit: High frequency timer resolution =3.118742 MHz
[2015.09.13-01.47.22:647][  0]LogMemory: Memory total: Physical=7.9GB (8GB approx)
[2015.09.13-01.47.22:647][  0]LogMemory: Platform Memory Stats for Windows
[2015.09.13-01.47.22:647][  0]LogMemory: Process Physical Memory: 54.70 MB used, 54.70 MB peak
[2015.09.13-01.47.22:647][  0]LogMemory: Process Virtual Memory: 28.02 MB used, 28.06 MB peak
[2015.09.13-01.47.22:647][  0]LogMemory: Physical Memory: 4620.65 MB used, 8140.12 MB total
[2015.09.13-01.47.22:647][  0]LogMemory: Virtual Memory: 318.17 MB used, 134217728.00 MB total
[2015.09.13-01.47.22:888][  0]LogTextLocalizationManager:Warning: Loaded localization resources contain conflicting entries for (Namespace:ContentBrowser, Key:ImportAssetToolTip):
Localization Resource: (C:/Program Files/Epic Games/4.8/Engine/Content/Localization/Editor/en/Editor.locres) Source String Hash: (-630476809) Localized String: (Import to {0}...)
Localization Resource: (C:/Program Files/Epic Games/4.8/Engine/Content/Localization/Editor/en/Editor.locres) Source String Hash: (1271782899) Localized String: (Imports an asset from file to this folder.)
[2015.09.13-01.47.23:302][  0]LogD3D11RHI: Found D3D11 adapter 0: NVIDIA GeForce GTX 970 (Feature Level 11_0)
[2015.09.13-01.47.23:302][  0]LogD3D11RHI: Adapter has 4008MB of dedicated video memory, 0MB of dedicated system memory, and 4070MB of shared system memory, 2 output[s]
[2015.09.13-01.47.23:304][  0]LogD3D11RHI: Found D3D11 adapter 1: Microsoft Basic Render Driver (Feature Level 11_0)
[2015.09.13-01.47.23:304][  0]LogD3D11RHI: Adapter has 0MB of dedicated video memory, 0MB of dedicated system memory, and 4070MB of shared system memory, 0 output[s]
[2015.09.13-01.47.23:304][  0]LogD3D11RHI: Chosen D3D11 Adapter Id = 0
[2015.09.13-01.47.23:307][  0]LogD3D11RHI: InitD3DDevice
[2015.09.13-01.47.23:307][  0]LogD3D11RHI: !Direct3DDevice
[2015.09.13-01.47.23:307][  0]LogRHI: Texture pool is 1361 MB (70% of 1945 MB)
[2015.09.13-01.47.23:317][  0]LogD3D11RHI: Async texture creation enabled
[2015.09.13-01.47.23:331][  0]LogShaderCompilers:Display: Using Local Shader Compiler.
[2015.09.13-01.47.24:047][  0]LogTemp:Display: Loaded TP DesktopTargetPlatform
[2015.09.13-01.47.24:062][  0]LogTemp:Display: Loaded TP WindowsClientTargetPlatform
[2015.09.13-01.47.24:076][  0]LogTemp:Display: Loaded TP WindowsNoEditorTargetPlatform
[2015.09.13-01.47.24:090][  0]LogTemp:Display: Loaded TP WindowsServerTargetPlatform
[2015.09.13-01.47.24:105][  0]LogTemp:Display: Loaded TP WindowsTargetPlatform
[2015.09.13-01.47.24:117][  0]LogTemp:Display: Loaded TP AndroidTargetPlatform
[2015.09.13-01.47.24:129][  0]LogTemp:Display: Loaded TP Android_ASTCTargetPlatform
[2015.09.13-01.47.24:141][  0]LogTemp:Display: Loaded TP Android_ATCTargetPlatform
[2015.09.13-01.47.24:153][  0]LogTemp:Display: Loaded TP Android_DXTTargetPlatform
[2015.09.13-01.47.24:165][  0]LogTemp:Display: Loaded TP Android_ETC1TargetPlatform
[2015.09.13-01.47.24:177][  0]LogTemp:Display: Loaded TP Android_ETC2TargetPlatform
[2015.09.13-01.47.24:190][  0]LogTemp:Display: Loaded TP Android_PVRTCTargetPlatform
[2015.09.13-01.47.24:237][  0]LogTemp:Display: Loaded TP IOSTargetPlatform
[2015.09.13-01.47.24:248][  0]LogTemp:Display: Loaded TP LinuxNoEditorTargetPlatform
[2015.09.13-01.47.24:261][  0]LogTemp:Display: Loaded TP LinuxServerTargetPlatform
[2015.09.13-01.47.24:275][  0]LogTemp:Display: Loaded TP LinuxTargetPlatform
[2015.09.13-01.47.24:275][  0]LogTargetPlatformManager:Display: Building Assets For Windows
[2015.09.13-01.47.24:494][  0]LogDerivedDataCache:Display: Max Cache Size: 512 MB
[2015.09.13-01.47.24:716][  0]LogDerivedDataCache: Loaded boot cache 0.22s 254MB C:/Users/alvar/AppData/Local/UnrealEngine/4.8/DerivedDataCache/Boot.ddc.
[2015.09.13-01.47.24:716][  0]LogDerivedDataCache:Display: Loaded Boot cache: C:/Users/alvar/AppData/Local/UnrealEngine/4.8/DerivedDataCache/Boot.ddc
[2015.09.13-01.47.24:717][  0]LogDerivedDataCache: FDerivedDataBackendGraph:  Pak pak cache file ../../../../../../Users/alvar/Documents/Unreal Projects/GameJamGame/DerivedDataCache/DDC.ddp not found, will not use a pak cache.
[2015.09.13-01.47.24:717][  0]LogDerivedDataCache: Unable to find inner node Pak for hierarchical cache Hierarchy.
[2015.09.13-01.47.24:717][  0]LogDerivedDataCache: FDerivedDataBackendGraph:  CompressedPak pak cache file ../../../../../../Users/alvar/Documents/Unreal Projects/GameJamGame/DerivedDataCache/Compressed.ddp not found, will not use a pak cache.
[2015.09.13-01.47.24:717][  0]LogDerivedDataCache: Unable to find inner node CompressedPak for hierarchical cache Hierarchy.
[2015.09.13-01.47.24:863][  0]LogDerivedDataCache:Display: Pak cache opened for reading ../../../Engine/DerivedDataCache/Compressed.ddp.
[2015.09.13-01.47.24:875][  0]LogDerivedDataCache: Using Local data cache path C:/Users/alvar/AppData/Local/UnrealEngine/Common/DerivedDataCache: Writable
[2015.09.13-01.47.25:099][  0]LogInit: Selected Device Profile: [Windows]
[2015.09.13-01.47.25:187][  0]ImportText (ComponentSweepMultiTests): Missing closing parenthesis: (RootShapeAsset="/Engine/BasicShapes/Cube.Cube",ShapeType="TriggerCapsule",HitResult=(Time=0.50,Location=(X=-100.000015,Y=0.0,Z=100.000015),ImpactPoint=(X=-50.0,Y=0.0,Z=50.0),Normal=(X=-1.0,Y=-0.0,Z=0.0),ImpactNormal=(X=0.0,Y=0.0,Z=1.0),TraceStart=(X=-200.0,Y=0.0,Z=200.0),TraceEnd=(X=0.0,Y=0.0,Z=0.0))
[2015.09.13-01.47.25:187][  0]ImportText (LineTraceSingleByChannelTests): Missing closing parenthesis: (RootShapeAsset="/Engine/BasicShapes/Cube.Cube",HitResult=(Time=0.50,Location=(X=-100.000015,Y=0.0,Z=100.000015),ImpactPoint=(X=-50.0,Y=0.0,Z=50.0),Normal=(X=-1.0,Y=-0.0,Z=0.0),ImpactNormal=(X=0.0,Y=0.0,Z=1.0),TraceStart=(X=-200.0,Y=0.0,Z=200.0),TraceEnd=(X=0.0,Y=0.0,Z=0.0))
[2015.09.13-01.47.25:223][  0]LogMeshUtilities: No automatic mesh reduction module available
[2015.09.13-01.47.25:223][  0]LogMeshUtilities: No automatic mesh merging module available
[2015.09.13-01.47.25:522][  0]LogInit: WinSock: version 1.1 (2.2), MaxSocks=32767, MaxUdp=65467
[2015.09.13-01.47.26:458][  0]LogAssetRegistry: FAssetRegistry took 0.0104 seconds to start up
[2015.09.13-01.47.26:470][  0]LogDirectoryWatcher:Warning: Failed to begin reading directory changes for ../../../Engine/Plugins/Experimental/CharacterAI/Content/. Error: 0
[2015.09.13-01.47.26:583][  0]UdpMessaging: Initializing bridge on interface 0.0.0.0:0 to multicast group 230.0.0.1:6666.
[2015.09.13-01.47.31:764][  0]SourceControl: Info Source control is disabled
[2015.09.13-01.47.31:803][  0]SourceControl: Info Source control is disabled
[2015.09.13-01.47.31:813][  0]SourceControl: Info Source control is disabled
[2015.09.13-01.47.31:823][  0]SourceControl: Info Source control is disabled
[2015.09.13-01.47.32:083][  0]LogObj: 30602 objects as part of root set at end of initial load.
[2015.09.13-01.47.32:083][  0]LogUObjectAllocator: 6893064 out of 0 bytes used by permanent object pool.
[2015.09.13-01.47.32:151][  0]LogEngine: Initializing Engine...
[2015.09.13-01.47.32:153][  0]LogHMD: Can't find Oculus library dev build: is proper Runtime installed? Version: 0.6.0.0
[2015.09.13-01.47.32:154][  0]LogHMD:Warning: SteamVR failed to initialize.  Error: 110
[2015.09.13-01.47.32:302][  0]LogAIModule: Creating AISystem for world NewWorld
[2015.09.13-01.47.32:311][  0]LogInit: XAudio2 using 'Altavoces (Logitech G930 Headset)' : 8 channels at 48 kHz using 16 bits per sample (channel mask 0x63f)
[2015.09.13-01.47.32:326][  0]LogInit: FAudioDevice initialized.
[2015.09.13-01.47.32:437][  0]LogDerivedDataCache: Saved boot cache 0.11s 263MB C:/Users/alvar/AppData/Local/UnrealEngine/4.8/DerivedDataCache/Boot.ddc.
[2015.09.13-01.47.32:454][  0]LogInit: Texture streaming: Disabled
[2015.09.13-01.47.32:478][  0]LogAnalytics: Creating configured Analytics provider AnalyticsET
[2015.09.13-01.47.32:478][  0]LogAnalytics: [UEEditor.Rocket.Release] APIServer = http://et2.epicgames.com/ET2/. AppVersion = 4.8.3-2634408+++depot+UE4-Releases+4.8
[2015.09.13-01.47.32:478][  0]LogAnalytics: [UEEditor.Rocket.Release] SetUserId d1c25e7f4fa20997b672729ed24c3a29|9e4ef11b830b48c8aa7fc135a0c1e44a|343ceae0-fb33-4582-82c4-f6231eff8be7
[2015.09.13-01.47.32:478][  0]LogAnalytics: [UEEditor.Rocket.Release] AnalyticsET::StartSession
[2015.09.13-01.47.32:511][  0]LogInit: Transaction tracking system initialized
[2015.09.13-01.47.32:635][  0]BlueprintLog: New page: Editor Load
[2015.09.13-01.47.34:392][  0]LogConsoleManager:Warning: Console variable 'r.VSync' wasn't set ('GameSetting' has a lower priority than 'SystemSettingsIni')
[2015.09.13-01.47.34:394][  0]LogConsoleResponse:Display: 
[2015.09.13-01.47.34:484][  0]LogCook:Display: Done creating registry. It took  0.00s.
[2015.09.13-01.47.34:797][  0]SourceControl: Info Source control is disabled
[2015.09.13-01.47.34:797][  0]Cmd: MAP LOAD FILE="../../../../../../Users/alvar/Documents/Unreal Projects/GameJamGame/Content/ThirdPerson/Maps/ThirdPersonExampleMap.umap" TEMPLATE=0 SHOWPROGRESS=1 FEATURELEVEL=3
[2015.09.13-01.47.34:797][  0]LightingResults: New page: Lighting Build
[2015.09.13-01.47.34:809][  0]MapCheck: New page: Map Check
[2015.09.13-01.47.34:809][  0]LightingResults: New page: Lighting Build
[2015.09.13-01.47.34:819][  0]LogParticles: Destroying 0 GPU particle simulations for FXSystem 0x0000003F5E8F8680
[2015.09.13-01.47.44:406][  0]LogAIModule: Creating AISystem for world ThirdPersonExampleMap
[2015.09.13-01.47.44:804][  0]LogEditorServer: Finished looking for orphan Actors (0.000 secs)
[2015.09.13-01.47.44:945][  0]Cmd: MAP CHECKDEP NOCLEARLOG
[2015.09.13-01.47.44:985][  0]MapCheck: Info Map check complete: 0 Error(s), 0 Warning(s), took 39.933ms to complete.
[2015.09.13-01.47.44:985][  0]LogFileHelpers: Loading map 'ThirdPersonExampleMap' took 10.188
[2015.09.13-01.47.45:088][  0]LogCollectionManager: Loaded 0 collections in 0.001900 seconds
[2015.09.13-01.47.45:095][  0]LogContentBrowser: Native class hierarchy populated in 0.0072 seconds. Added 1809 classes and 309 folders.
[2015.09.13-01.47.45:138][  0]LogContentBrowser: Native class hierarchy updated for 'WidgetCarousel' in 0.0011 seconds. Added 0 classes and 0 folders.
[2015.09.13-01.47.45:163][  0]LogContentBrowser: Native class hierarchy updated for 'AddContentDialog' in 0.0011 seconds. Added 0 classes and 0 folders.
[2015.09.13-01.47.45:179][  0]LogContentBrowser: Native class hierarchy updated for 'SceneOutliner' in 0.0010 seconds. Added 1 classes and 2 folders.
[2015.09.13-01.47.45:208][  0]LogCrashTracker: Crashtracker disabled due to settings.
[2015.09.13-01.47.45:209][  0]LogD3D11RHI: InitD3DDevice
[2015.09.13-01.47.45:214][  0]LogUObjectGlobals:Warning: Failed to find object 'Class None.'
[2015.09.13-01.47.45:239][  0]LogLoad: Full Startup: 24.67 seconds (BP compile: 0.38 seconds)
[2015.09.13-01.47.45:626][  0]LogContentStreaming: Texture pool size is 0.000000MB
[2015.09.13-01.47.45:646][  0]LogContentStreaming: Texture pool size now 700 MB
[2015.09.13-01.47.45:954][  0]LogRenderer: Reallocating scene render targets to support 1008x440 (Frame:2).
[2015.09.13-01.48.05:684][ 59]LogAssetRegistry: Asset discovery search completed in 39.2360 seconds
[2015.09.13-01.48.14:818][132]LogD3D11RHI: InitD3DDevice
[2015.09.13-01.48.18:576][280]LogWindowsTextInputMethodSystem:Display: IME system now deactivated.
[2015.09.13-01.48.18:860][281]Cmd: QUIT_EDITOR
[2015.09.13-01.48.19:111][281]LogExit: Preparing to exit.
[2015.09.13-01.48.19:723][281]LogExit: Editor shut down
[2015.09.13-01.48.19:723][281]LogExit: Transaction tracking system shut down
[2015.09.13-01.48.19:724][281]LogParticles: Destroying 0 GPU particle simulations for FXSystem 0x0000003F48AB36A0
[2015.09.13-01.48.19:724][281]LogParticles: Destroying 0 GPU particle simulations for FXSystem 0x0000003F5B08C7C0
[2015.09.13-01.48.19:834][281]LogExit: Object subsystem successfully closed.
[2015.09.13-01.48.19:851][281]LogD3D11RHI: Shutdown
[2015.09.13-01.48.19:851][281]LogD3D11RHI: CleanupD3DDevice
[2015.09.13-01.48.19:887][281]LogD3D11RHI: ~FD3D11DynamicRHI
[2015.09.13-01.48.19:905][281]LogModuleManager: Shutting down and abandoning module CrashTracker (191)
[2015.09.13-01.48.19:905][281]LogModuleManager: Shutting down and abandoning module SceneOutliner (190)
[2015.09.13-01.48.19:905][281]LogModuleManager: Shutting down and abandoning module SuperSearch (189)
[2015.09.13-01.48.19:905][281]LogModuleManager: Shutting down and abandoning module WidgetCarousel (188)
[2015.09.13-01.48.19:905][281]LogModuleManager: Shutting down and abandoning module AddContentDialog (187)
[2015.09.13-01.48.19:906][281]LogModuleManager: Shutting down and abandoning module EditorWidgets (186)
[2015.09.13-01.48.19:906][281]LogModuleManager: Shutting down and abandoning module CollectionManager (185)
[2015.09.13-01.48.19:906][281]LogModuleManager: Shutting down and abandoning module StatsViewer (184)
[2015.09.13-01.48.19:906][281]LogModuleManager: Shutting down and abandoning module FoliageEdit (183)
[2015.09.13-01.48.19:906][281]LogModuleManager: Shutting down and abandoning module LandscapeEditor (182)
[2015.09.13-01.48.19:906][281]LogModuleManager: Shutting down and abandoning module ActorPickerMode (181)
[2015.09.13-01.48.19:906][281]LogModuleManager: Shutting down and abandoning module GeometryMode (180)
[2015.09.13-01.48.19:906][281]LogModuleManager: Shutting down and abandoning module TextureAlignMode (179)
[2015.09.13-01.48.19:906][281]LogModuleManager: Shutting down and abandoning module BspMode (178)
[2015.09.13-01.48.19:906][281]LogModuleManager: Shutting down and abandoning module PlacementMode (177)
[2015.09.13-01.48.19:906][281]LogModuleManager: Shutting down and abandoning module AutomationWorker (176)
[2015.09.13-01.48.19:906][281]LogModuleManager: Shutting down and abandoning module CharacterAI (175)
[2015.09.13-01.48.19:906][281]LogModuleManager: Shutting down and abandoning module SmartSnapping (174)
[2015.09.13-01.48.19:906][281]LogModuleManager: Shutting down and abandoning module ViewportSnapping (173)
[2015.09.13-01.48.19:906][281]LogModuleManager: Shutting down and abandoning module LogVisualizer (172)
[2015.09.13-01.48.19:906][281]LogModuleManager: Shutting down and abandoning module GameProjectGeneration (171)
[2015.09.13-01.48.19:906][281]LogModuleManager: Shutting down and abandoning module IntroTutorials (170)
[2015.09.13-01.48.19:906][281]LogModuleManager: Shutting down and abandoning module EditorLiveStreaming (169)
[2015.09.13-01.48.19:906][281]LogModuleManager: Shutting down and abandoning module IOSPlatformEditor (168)
[2015.09.13-01.48.19:906][281]LogModuleManager: Shutting down and abandoning module HTML5PlatformEditor (167)
[2015.09.13-01.48.19:906][281]LogModuleManager: Shutting down and abandoning module AndroidDeviceDetection (166)
[2015.09.13-01.48.20:144][281]LogModuleManager: Shutting down and abandoning module AndroidPlatformEditor (165)
[2015.09.13-01.48.20:144][281]LogModuleManager: Shutting down and abandoning module IOSRuntimeSettings (164)
[2015.09.13-01.48.20:144][281]LogModuleManager: Shutting down and abandoning module AndroidRuntimeSettings (163)
[2015.09.13-01.48.20:144][281]LogModuleManager: Shutting down and abandoning module MergeActors (162)
[2015.09.13-01.48.20:144][281]LogModuleManager: Shutting down and abandoning module SizeMap (161)
[2015.09.13-01.48.20:144][281]LogModuleManager: Shutting down and abandoning module TreeMap (160)
[2015.09.13-01.48.20:144][281]LogModuleManager: Shutting down and abandoning module ReferenceViewer (159)
[2015.09.13-01.48.20:144][281]LogModuleManager: Shutting down and abandoning module LocalizationDashboard (158)
[2015.09.13-01.48.20:144][281]LogModuleManager: Shutting down and abandoning module HardwareTargeting (157)
[2015.09.13-01.48.20:144][281]LogModuleManager: Shutting down and abandoning module DeviceProfileEditor (156)
[2015.09.13-01.48.20:144][281]LogModuleManager: Shutting down and abandoning module UndoHistory (155)
[2015.09.13-01.48.20:144][281]LogModuleManager: Shutting down and abandoning module GameplayTagsEditor (154)
[2015.09.13-01.48.20:144][281]LogModuleManager: Shutting down and abandoning module UserFeedback (153)
[2015.09.13-01.48.20:144][281]LogModuleManager: Shutting down and abandoning module XmlParser (152)
[2015.09.13-01.48.20:144][281]LogModuleManager: Shutting down and abandoning module Blutility (151)
[2015.09.13-01.48.20:144][281]LogModuleManager: Shutting down and abandoning module ProjectTargetPlatformEditor (150)
[2015.09.13-01.48.20:144][281]LogModuleManager: Shutting down and abandoning module ProjectSettingsViewer (149)
[2015.09.13-01.48.20:144][281]LogModuleManager: Shutting down and abandoning module InputBindingEditor (148)
[2015.09.13-01.48.20:145][281]LogModuleManager: Shutting down and abandoning module EditorSettingsViewer (147)
[2015.09.13-01.48.20:145][281]LogModuleManager: Shutting down and abandoning module SettingsEditor (146)
[2015.09.13-01.48.20:145][281]LogModuleManager: Shutting down and abandoning module ProjectLauncher (145)
[2015.09.13-01.48.20:145][281]LogModuleManager: Shutting down and abandoning module SessionFrontend (144)
[2015.09.13-01.48.20:145][281]LogModuleManager: Shutting down and abandoning module ProfilerClient (143)
[2015.09.13-01.48.20:145][281]LogModuleManager: Shutting down and abandoning module TargetDeviceServices (142)
[2015.09.13-01.48.20:145][281]LogModuleManager: Shutting down and abandoning module DeviceManager (141)
[2015.09.13-01.48.20:145][281]LogModuleManager: Shutting down and abandoning module AutomationController (140)
[2015.09.13-01.48.20:145][281]LogModuleManager: Shutting down and abandoning module AutomationWindow (139)
[2015.09.13-01.48.20:145][281]LogModuleManager: Shutting down and abandoning module Layers (138)
[2015.09.13-01.48.20:145][281]LogModuleManager: Shutting down and abandoning module ComponentVisualizers (137)
[2015.09.13-01.48.20:145][281]LogModuleManager: Shutting down and abandoning module DetailCustomizations (136)
[2015.09.13-01.48.20:145][281]LogModuleManager: Shutting down and abandoning module PackagesDialog (135)
[2015.09.13-01.48.20:145][281]LogModuleManager: Shutting down and abandoning module Persona (134)
[2015.09.13-01.48.20:145][281]LogModuleManager: Shutting down and abandoning module Kismet (133)
[2015.09.13-01.48.20:145][281]LogModuleManager: Shutting down and abandoning module GraphEditor (132)
[2015.09.13-01.48.20:145][281]LogModuleManager: Shutting down and abandoning module ClassViewer (131)
[2015.09.13-01.48.20:145][281]LogModuleManager: Shutting down and abandoning module Toolbox (130)
[2015.09.13-01.48.20:145][281]LogModuleManager: Shutting down and abandoning module ModuleUI (129)
[2015.09.13-01.48.20:145][281]LogModuleManager: Shutting down and abandoning module MovieSceneTools (128)
[2015.09.13-01.48.20:145][281]LogModuleManager: Shutting down and abandoning module OutputLog (127)
[2015.09.13-01.48.20:145][281]LogModuleManager: Shutting down and abandoning module GammaUI (126)
[2015.09.13-01.48.20:145][281]LogModuleManager: Shutting down and abandoning module Documentation (125)
[2015.09.13-01.48.20:145][281]LogModuleManager: Shutting down and abandoning module GameLiveStreaming (124)
[2015.09.13-01.48.20:145][281]LogModuleManager: Shutting down and abandoning module StreamingPauseRendering (123)
[2015.09.13-01.48.20:145][281]LogModuleManager: Shutting down and abandoning module AnalyticsET (122)
[2015.09.13-01.48.20:145][281]LogModuleManager: Shutting down and abandoning module Analytics (121)
[2015.09.13-01.48.20:145][281]LogModuleManager: Shutting down and abandoning module AITestSuite (120)
[2015.09.13-01.48.20:145][281]LogModuleManager: Shutting down and abandoning module GameplayDebugger (119)
[2015.09.13-01.48.20:145][281]LogModuleManager: Shutting down and abandoning module AIModule (118)
[2015.09.13-01.48.20:145][281]LogModuleManager: Shutting down and abandoning module ProfilerService (117)
[2015.09.13-01.48.20:189][281]LogModuleManager: Shutting down and abandoning module TaskGraph (116)
[2015.09.13-01.48.20:189][281]LogModuleManager: Shutting down and abandoning module SubstanceEditor (115)
[2015.09.13-01.48.20:189][281]LogModuleManager: Shutting down and abandoning module SlateRemote (114)
[2015.09.13-01.48.20:189][281]LogModuleManager: Shutting down and abandoning module SteamVRController (113)
[2015.09.13-01.48.20:189][281]LogModuleManager: Shutting down and abandoning module SteamVR (112)
[2015.09.13-01.48.20:189][281]LogModuleManager: Shutting down and abandoning module ProceduralMeshComponent (111)
[2015.09.13-01.48.20:189][281]LogModuleManager: Shutting down and abandoning module OculusRift (110)
[2015.09.13-01.48.20:189][281]LogModuleManager: Shutting down and abandoning module LeapMotionController (109)
[2015.09.13-01.48.20:200][281]LogModuleManager: Shutting down and abandoning module CustomMeshComponent (108)
[2015.09.13-01.48.20:200][281]LogModuleManager: Shutting down and abandoning module CableComponent (107)
[2015.09.13-01.48.20:200][281]LogModuleManager: Shutting down and abandoning module MessagingDebugger (106)
[2015.09.13-01.48.20:200][281]LogModuleManager: Shutting down and abandoning module MediaPlayerEditor (105)
[2015.09.13-01.48.20:200][281]LogModuleManager: Shutting down and abandoning module SpeedTreeImporter (104)
[2015.09.13-01.48.20:200][281]LogModuleManager: Shutting down and abandoning module PluginBrowser (103)
[2015.09.13-01.48.20:200][281]LogModuleManager: Shutting down and abandoning module EpicSurvey (102)
[2015.09.13-01.48.20:200][281]LogModuleManager: Shutting down and abandoning module DesktopPlatform (101)
[2015.09.13-01.48.20:200][281]LogModuleManager: Shutting down and abandoning module VisualStudioSourceCodeAccess (100)
[2015.09.13-01.48.20:200][281]LogModuleManager: Shutting down and abandoning module UObjectPlugin (99)
[2015.09.13-01.48.20:200][281]LogModuleManager: Shutting down and abandoning module SubversionSourceControl (98)
[2015.09.13-01.48.20:200][281]LogModuleManager: Shutting down and abandoning module PerforceSourceControl (97)
[2015.09.13-01.48.20:200][281]LogModuleManager: Shutting down and abandoning module SourceControl (96)
[2015.09.13-01.48.20:200][281]LogModuleManager: Shutting down and abandoning module GitSourceControl (95)
[2015.09.13-01.48.20:200][281]LogModuleManager: Shutting down and abandoning module BlankPlugin (94)
[2015.09.13-01.48.20:200][281]LogModuleManager: Shutting down and abandoning module PaperTiledImporter (93)
[2015.09.13-01.48.20:200][281]LogModuleManager: Shutting down and abandoning module PaperSpriteSheetImporter (92)
[2015.09.13-01.48.20:200][281]LogModuleManager: Shutting down and abandoning module MeshPaint (91)
[2015.09.13-01.48.20:200][281]LogModuleManager: Shutting down and abandoning module SlateReflector (90)
[2015.09.13-01.48.20:200][281]LogModuleManager: Shutting down and abandoning module HotReload (89)
[2015.09.13-01.48.20:200][281]LogModuleManager: Shutting down and abandoning module MainFrame (88)
[2015.09.13-01.48.20:200][281]LogModuleManager: Shutting down and abandoning module LevelEditor (87)
[2015.09.13-01.48.20:201][281]LogModuleManager: Shutting down and abandoning module ContentBrowser (86)
[2015.09.13-01.48.20:201][281]LogModuleManager: Shutting down and abandoning module Paper2DEditor (85)
[2015.09.13-01.48.20:201][281]LogModuleManager: Shutting down and abandoning module GameJamGame (84)
[2015.09.13-01.48.20:201][281]LogModuleManager: Shutting down and abandoning module UdpMessaging (83)
[2015.09.13-01.48.20:302][281]LogModuleManager: Shutting down and abandoning module DirectoryWatcher (82)
[2015.09.13-01.48.20:302][281]LogModuleManager: Shutting down and abandoning module AssetRegistry (81)
[2015.09.13-01.48.20:395][281]LogModuleManager: Shutting down and abandoning module SubstanceCore (80)
[2015.09.13-01.48.20:395][281]LogModuleManager: Shutting down and abandoning module Paper2D (79)
[2015.09.13-01.48.20:395][281]LogModuleManager: Shutting down and abandoning module WindowsMoviePlayer (78)
[2015.09.13-01.48.20:398][281]LogModuleManager: Shutting down and abandoning module Media (77)
[2015.09.13-01.48.20:398][281]LogModuleManager: Shutting down and abandoning module WmfMedia (76)
[2015.09.13-01.48.20:398][281]LogModuleManager: Shutting down and abandoning module OnlineBlueprintSupport (75)
[2015.09.13-01.48.20:398][281]LogModuleManager: Shutting down and abandoning module PropertyEditor (74)
[2015.09.13-01.48.20:398][281]LogModuleManager: Shutting down and abandoning module BehaviorTreeEditor (73)
[2015.09.13-01.48.20:398][281]LogModuleManager: Shutting down and abandoning module FunctionalTesting (72)
[2015.09.13-01.48.20:398][281]LogModuleManager: Shutting down and abandoning module CollisionAnalyzer (71)
[2015.09.13-01.48.20:398][281]LogModuleManager: Shutting down and abandoning module WorkspaceMenuStructure (70)
[2015.09.13-01.48.20:398][281]LogModuleManager: Shutting down and abandoning module MessageLog (69)
[2015.09.13-01.48.20:398][281]LogModuleManager: Shutting down and abandoning module Sequencer (68)
[2015.09.13-01.48.20:398][281]LogModuleManager: Shutting down and abandoning module AssetTools (67)
[2015.09.13-01.48.20:398][281]LogModuleManager: Shutting down and abandoning module UMGEditor (66)
[2015.09.13-01.48.20:398][281]LogModuleManager: Shutting down and abandoning module UMG (65)
[2015.09.13-01.48.20:398][281]LogModuleManager: Shutting down and abandoning module Slate (64)
[2015.09.13-01.48.20:398][281]LogModuleManager: Shutting down and abandoning module EditorStyle (63)
[2015.09.13-01.48.20:400][281]LogModuleManager: Shutting down and abandoning module SessionServices (62)
[2015.09.13-01.48.20:400][281]LogModuleManager: Shutting down and abandoning module SourceCodeAccess (61)
[2015.09.13-01.48.20:400][281]LogModuleManager: Shutting down and abandoning module HeadMountedDisplay (60)
[2015.09.13-01.48.20:400][281]LogModuleManager: Shutting down and abandoning module XAudio2 (59)
[2015.09.13-01.48.20:400][281]LogModuleManager: Shutting down and abandoning module Networking (57)
[2015.09.13-01.48.20:400][281]LogModuleManager: Shutting down and abandoning module Core (56)
[2015.09.13-01.48.20:400][281]LogModuleManager: Shutting down and abandoning module KismetCompiler (55)
[2015.09.13-01.48.20:400][281]LogModuleManager: Shutting down and abandoning module PhysXFormats (54)
[2015.09.13-01.48.20:400][281]LogModuleManager: Shutting down and abandoning module MeshUtilities (53)
[2015.09.13-01.48.20:400][281]LogModuleManager: Shutting down and abandoning module DerivedDataCache (52)
[2015.09.13-01.48.20:456][281]LogDerivedDataCache: Shutdown
[2015.09.13-01.48.20:456][281]LogModuleManager: Shutting down and abandoning module ShaderFormatOpenGL (51)
[2015.09.13-01.48.20:456][281]LogModuleManager: Shutting down and abandoning module ShaderFormatD3D (50)
[2015.09.13-01.48.20:456][281]LogModuleManager: Shutting down and abandoning module MetalShaderFormat (49)
[2015.09.13-01.48.20:456][281]LogModuleManager: Shutting down and abandoning module TextureFormatUncompressed (48)
[2015.09.13-01.48.20:456][281]LogModuleManager: Shutting down and abandoning module TextureFormatPVR (47)
[2015.09.13-01.48.20:456][281]LogModuleManager: Shutting down and abandoning module TextureFormatIntelISPCTexComp (46)
[2015.09.13-01.48.20:456][281]LogModuleManager: Shutting down and abandoning module TextureFormatDXT (45)
[2015.09.13-01.48.20:456][281]LogModuleManager: Shutting down and abandoning module ImageWrapper (44)
[2015.09.13-01.48.20:456][281]LogModuleManager: Shutting down and abandoning module TextureFormatASTC (43)
[2015.09.13-01.48.20:456][281]LogModuleManager: Shutting down and abandoning module TextureFormatAndroid (42)
[2015.09.13-01.48.20:456][281]LogModuleManager: Shutting down and abandoning module AudioFormatOpus (41)
[2015.09.13-01.48.20:456][281]LogModuleManager: Shutting down and abandoning module AudioFormatOgg (40)
[2015.09.13-01.48.20:456][281]LogModuleManager: Shutting down and abandoning module AudioFormatADPCM (39)
[2015.09.13-01.48.20:456][281]LogModuleManager: Shutting down and abandoning module LinuxTargetPlatform (38)
[2015.09.13-01.48.20:456][281]LogModuleManager: Shutting down and abandoning module LinuxServerTargetPlatform (37)
[2015.09.13-01.48.20:456][281]LogModuleManager: Shutting down and abandoning module LinuxNoEditorTargetPlatform (36)
[2015.09.13-01.48.20:456][281]LogModuleManager: Shutting down and abandoning module Messaging (35)
[2015.09.13-01.48.20:456][281]LogModuleManager: Shutting down and abandoning module IOSTargetPlatform (34)
[2015.09.13-01.48.20:456][281]LogModuleManager: Shutting down and abandoning module HTML5TargetPlatform (33)
[2015.09.13-01.48.20:456][281]LogModuleManager: Shutting down and abandoning module Android_PVRTCTargetPlatform (32)
[2015.09.13-01.48.20:456][281]LogModuleManager: Shutting down and abandoning module Android_ETC2TargetPlatform (31)
[2015.09.13-01.48.20:456][281]LogModuleManager: Shutting down and abandoning module Android_ETC1TargetPlatform (30)
[2015.09.13-01.48.20:456][281]LogModuleManager: Shutting down and abandoning module Android_DXTTargetPlatform (29)
[2015.09.13-01.48.20:456][281]LogModuleManager: Shutting down and abandoning module Android_ATCTargetPlatform (28)
[2015.09.13-01.48.20:456][281]LogModuleManager: Shutting down and abandoning module Android_ASTCTargetPlatform (27)
[2015.09.13-01.48.20:456][281]LogModuleManager: Shutting down and abandoning module AndroidTargetPlatform (26)
[2015.09.13-01.48.20:456][281]LogModuleManager: Shutting down and abandoning module WindowsTargetPlatform (25)
[2015.09.13-01.48.20:456][281]LogModuleManager: Shutting down and abandoning module WindowsServerTargetPlatform (24)
[2015.09.13-01.48.20:456][281]LogModuleManager: Shutting down and abandoning module WindowsNoEditorTargetPlatform (23)
[2015.09.13-01.48.20:456][281]LogModuleManager: Shutting down and abandoning module WindowsClientTargetPlatform (22)
[2015.09.13-01.48.20:456][281]LogModuleManager: Shutting down and abandoning module DesktopTargetPlatform (21)
[2015.09.13-01.48.20:456][281]LogModuleManager: Shutting down and abandoning module TargetPlatform (20)
[2015.09.13-01.48.20:456][281]LogModuleManager: Shutting down and abandoning module InputCore (19)
[2015.09.13-01.48.20:456][281]LogModuleManager: Shutting down and abandoning module Settings (18)
[2015.09.13-01.48.20:456][281]LogModuleManager: Shutting down and abandoning module OnlineSubsystem (16)
[2015.09.13-01.48.20:456][281]LogModuleManager: Shutting down and abandoning module HTTP (15)
[2015.09.13-01.48.20:456][281]LogModuleManager: Shutting down and abandoning module ExampleDeviceProfileSelector (14)
[2015.09.13-01.48.20:456][281]LogModuleManager: Shutting down and abandoning module TextureCompressor (13)
[2015.09.13-01.48.20:457][281]LogModuleManager: Shutting down and abandoning module ShaderCore (12)
[2015.09.13-01.48.20:457][281]LogModuleManager: Shutting down and abandoning module Landscape (11)
[2015.09.13-01.48.20:457][281]LogModuleManager: Shutting down and abandoning module SlateRHIRenderer (10)
[2015.09.13-01.48.20:457][281]LogModuleManager: Shutting down and abandoning module OpenGLDrv (9)
[2015.09.13-01.48.20:457][281]LogModuleManager: Shutting down and abandoning module D3D11RHI (8)
[2015.09.13-01.48.20:457][281]LogModuleManager: Shutting down and abandoning module Renderer (7)
[2015.09.13-01.48.20:457][281]LogModuleManager: Shutting down and abandoning module Engine (6)
[2015.09.13-01.48.20:457][281]LogModuleManager: Shutting down and abandoning module CoreUObject (5)
[2015.09.13-01.48.20:457][281]LogModuleManager: Shutting down and abandoning module NetworkFile (4)
[2015.09.13-01.48.20:457][281]LogModuleManager: Shutting down and abandoning module StreamingFile (3)
[2015.09.13-01.48.20:457][281]LogModuleManager: Shutting down and abandoning module SandboxFile (2)
[2015.09.13-01.48.20:457][281]LogModuleManager: Shutting down and abandoning module PakFile (1)
[2015.09.13-01.48.20:458][281]LogExit: Exiting.
[2015.09.13-01.48.20:470][281]Log file closed, 09/12/15 21:18:20
